<?xml version="1.0" encoding="UTF-8"?>
<!-- Generated by org.testng.reporters.JUnitReportReporter -->
<testsuite hostname="ITINNOH-DW0268" failures="0" tests="1" name="com.hcl.ikea.testCases.TC_RecoveryAdmin_EOL_Management_043" time="858.409" errors="0" timestamp="2022-06-01T05:31:51 PDT" skipped="0">
  <testcase classname="com.hcl.ikea.testCases.TC_RecoveryAdmin_EOL_Management_043" name="recoveryAdminPreviewRequest" time="858.409"/>
  <system-out/>
</testsuite> <!-- com.hcl.ikea.testCases.TC_RecoveryAdmin_EOL_Management_043 -->
