<?xml version="1.0" encoding="UTF-8"?>
<!-- Generated by org.testng.reporters.JUnitReportReporter -->
<testsuite hostname="ITINNOH-DW0268" failures="0" tests="1" name="com.hcl.ikea.testCases.TC_ValidatePictureAdminOfRangeManagement_44_01" time="25.757" errors="0" timestamp="2022-06-01T06:05:17 PDT" skipped="0">
  <testcase classname="com.hcl.ikea.testCases.TC_ValidatePictureAdminOfRangeManagement_44_01" name="validatePictureAdminPickIcon" time="25.757"/>
  <system-out/>
</testsuite> <!-- com.hcl.ikea.testCases.TC_ValidatePictureAdminOfRangeManagement_44_01 -->
