<?xml version="1.0" encoding="UTF-8"?>
<!-- Generated by org.testng.reporters.JUnitReportReporter -->
<testsuite hostname="ITINCNH-DW0017" failures="0" tests="1" name="com.hcl.ikea.testCases.TC_GlobalAdminUser_searchTabValidation_63" time="25.092" errors="0" timestamp="2022-03-13T22:32:57 PDT" skipped="0">
  <testcase classname="com.hcl.ikea.testCases.TC_GlobalAdminUser_searchTabValidation_63" name="searchTabValidation" time="25.092"/>
  <system-out/>
</testsuite> <!-- com.hcl.ikea.testCases.TC_GlobalAdminUser_searchTabValidation_63 -->
