<?xml version="1.0" encoding="UTF-8"?>
<!-- Generated by org.testng.reporters.JUnitReportReporter -->
<testsuite hostname="ITINCNH-DW0017" failures="0" tests="1" name="com.hcl.ikea.testCases.TC_Recovery_Manager_CreateUser_59" time="49.538" errors="0" timestamp="2022-03-20T09:30:32 PDT" skipped="0">
  <testcase classname="com.hcl.ikea.testCases.TC_Recovery_Manager_CreateUser_59" name="createUser" time="49.538"/>
  <system-out/>
</testsuite> <!-- com.hcl.ikea.testCases.TC_Recovery_Manager_CreateUser_59 -->
