<?xml version="1.0" encoding="UTF-8"?>
<!-- Generated by org.testng.reporters.JUnitReportReporter -->
<testsuite hostname="ITINNOH-DW0268" failures="0" tests="1" name="com.hcl.ikea.testCases.TC_CureUser_PartialExchangeRequest_04" time="41.801" errors="0" timestamp="2022-05-10T02:19:22 PDT" skipped="0">
  <testcase classname="com.hcl.ikea.testCases.TC_CureUser_PartialExchangeRequest_04" name="partialExchangeRequest" time="41.801"/>
  <system-out/>
</testsuite> <!-- com.hcl.ikea.testCases.TC_CureUser_PartialExchangeRequest_04 -->
