<?xml version="1.0" encoding="UTF-8"?>
<!-- Generated by org.testng.reporters.JUnitReportReporter -->
<testsuite hostname="ITINCNH-DW0017" failures="0" tests="2" name="com.hcl.ikea.testCases.TC_UserAdmin_EditUser_65" time="108.368" errors="0" timestamp="2022-03-21T23:28:31 PDT" skipped="0">
  <testcase classname="com.hcl.ikea.testCases.TC_UserAdmin_EditUser_65" name="deleteUserInUserAdmin" time="51.823"/>
  <system-out/>
  <testcase classname="com.hcl.ikea.testCases.TC_UserAdmin_EditUser_65" name="createUser" time="56.545"/>
  <system-out/>
</testsuite> <!-- com.hcl.ikea.testCases.TC_UserAdmin_EditUser_65 -->
