<?xml version="1.0" encoding="UTF-8"?>
<!-- Generated by org.testng.reporters.JUnitReportReporter -->
<testsuite hostname="ITINNOH-DW0268" failures="0" tests="1" name="com.hcl.ikea.testCases.TC_ValidateRangeUploadIssueNotificationAlert_81" time="28.220" errors="0" timestamp="2022-06-01T09:03:19 PDT" skipped="0">
  <testcase classname="com.hcl.ikea.testCases.TC_ValidateRangeUploadIssueNotificationAlert_81" name="validatephaseInOutDateIssue" time="28.220"/>
  <system-out/>
</testsuite> <!-- com.hcl.ikea.testCases.TC_ValidateRangeUploadIssueNotificationAlert_81 -->
