<?xml version="1.0" encoding="UTF-8"?>
<!-- Generated by org.testng.reporters.JUnitReportReporter -->
<testsuite hostname="ITINNOH-DW0268" failures="0" tests="1" name="com.hcl.ikea.testCases.TC_CureUser_Print_Request_08" time="46.568" errors="0" timestamp="2022-05-10T06:04:09 PDT" skipped="0">
  <testcase classname="com.hcl.ikea.testCases.TC_CureUser_Print_Request_08" name="printRequest" time="46.568"/>
  <system-out/>
</testsuite> <!-- com.hcl.ikea.testCases.TC_CureUser_Print_Request_08 -->
