<?xml version="1.0" encoding="UTF-8"?>
<!-- Generated by org.testng.reporters.JUnitReportReporter -->
<testsuite hostname="ITINNOH-DW0268" failures="0" tests="1" name="com.hcl.ikea.testCases.TC_RecoveryAdmin_IssueReport_35" time="35.295" errors="0" timestamp="2022-05-30T10:32:04 PDT" skipped="0">
  <testcase classname="com.hcl.ikea.testCases.TC_RecoveryAdmin_IssueReport_35" name="issueReport" time="35.295"/>
  <system-out/>
</testsuite> <!-- com.hcl.ikea.testCases.TC_RecoveryAdmin_IssueReport_35 -->
