<?xml version="1.0" encoding="UTF-8"?>
<!-- Generated by org.testng.reporters.JUnitReportReporter -->
<testsuite hostname="ITINCNH-DW0017" failures="0" tests="1" name="com.hcl.ikea.testCases.TC_RecoveryAdminPage_003" time="20.370" errors="0" timestamp="2022-01-12T01:05:56 PST" skipped="0">
  <testcase classname="com.hcl.ikea.testCases.TC_RecoveryAdminPage_003" name="piaFact" time="20.370"/>
  <system-out/>
</testsuite> <!-- com.hcl.ikea.testCases.TC_RecoveryAdminPage_003 -->
