<?xml version="1.0" encoding="UTF-8"?>
<!-- Generated by org.testng.reporters.JUnitReportReporter -->
<testsuite hostname="ITINNOH-DW0268" failures="0" tests="1" name="com.hcl.ikea.testCases.TC_CureUser_Cancel_Request_07" time="77.909" errors="0" timestamp="2022-05-10T05:44:27 PDT" skipped="0">
  <testcase classname="com.hcl.ikea.testCases.TC_CureUser_Cancel_Request_07" name="cancelRequest" time="77.909"/>
  <system-out/>
</testsuite> <!-- com.hcl.ikea.testCases.TC_CureUser_Cancel_Request_07 -->
