<?xml version="1.0" encoding="UTF-8"?>
<!-- Generated by org.testng.reporters.JUnitReportReporter -->
<testsuite hostname="ITINCNH-DW0017" failures="0" tests="1" name="com.hcl.ikea.testCases.TC_RecoveryAdmin_DeleteStock_34" time="24.376" errors="0" timestamp="2022-03-10T20:43:26 PST" skipped="0">
  <testcase classname="com.hcl.ikea.testCases.TC_RecoveryAdmin_DeleteStock_34" name="deleteStock" time="24.376"/>
  <system-out/>
</testsuite> <!-- com.hcl.ikea.testCases.TC_RecoveryAdmin_DeleteStock_34 -->
