<?xml version="1.0" encoding="UTF-8"?>
<!-- Generated by org.testng.reporters.JUnitReportReporter -->
<testsuite hostname="ITINCNH-DW0017" failures="0" tests="2" name="com.hcl.ikea.testCases.TC_UserAdmin_DeleteUser_66" time="90.353" errors="0" timestamp="2022-03-21T02:53:24 PDT" skipped="0">
  <testcase classname="com.hcl.ikea.testCases.TC_UserAdmin_DeleteUser_66" name="deleteUserInUserAdmin" time="32.565"/>
  <system-out/>
  <testcase classname="com.hcl.ikea.testCases.TC_UserAdmin_DeleteUser_66" name="createUser" time="57.788"/>
  <system-out/>
</testsuite> <!-- com.hcl.ikea.testCases.TC_UserAdmin_DeleteUser_66 -->
