<?xml version="1.0" encoding="UTF-8"?>
<!-- Generated by org.testng.reporters.JUnitReportReporter -->
<testsuite hostname="ITINCNH-DW0017" failures="0" tests="1" name="com.hcl.ikea.testCases.TC_RecoveryRequest" time="21.489" errors="0" timestamp="2022-03-01T01:16:20 PST" skipped="0">
  <testcase classname="com.hcl.ikea.testCases.TC_RecoveryRequest" name="previewRequest" time="21.489"/>
  <system-out/>
</testsuite> <!-- com.hcl.ikea.testCases.TC_RecoveryRequest -->
