<?xml version="1.0" encoding="UTF-8"?>
<!-- Generated by org.testng.reporters.JUnitReportReporter -->
<testsuite hostname="ITINNOH-DW0268" failures="0" tests="1" name="com.hcl.ikea.testCases.TC_CSCUser_SearchOrderRequest_014" time="37.612" errors="0" timestamp="2022-05-26T06:21:19 PDT" skipped="0">
  <testcase classname="com.hcl.ikea.testCases.TC_CSCUser_SearchOrderRequest_014" name="trackOrder" time="37.612"/>
  <system-out/>
</testsuite> <!-- com.hcl.ikea.testCases.TC_CSCUser_SearchOrderRequest_014 -->
