<?xml version="1.0" encoding="UTF-8"?>
<!-- Generated by org.testng.reporters.JUnitReportReporter -->
<testsuite hostname="ITINNOH-DW0268" failures="0" tests="1" name="com.hcl.ikea.testCases.TC_ValidatePictureAdminOfRangeManagement_44_04" time="30.368" errors="0" timestamp="2022-06-01T06:08:06 PDT" skipped="0">
  <testcase classname="com.hcl.ikea.testCases.TC_ValidatePictureAdminOfRangeManagement_44_04" name="validatePictureAdminSendMail" time="30.368"/>
  <system-out/>
</testsuite> <!-- com.hcl.ikea.testCases.TC_ValidatePictureAdminOfRangeManagement_44_04 -->
