<?xml version="1.0" encoding="UTF-8"?>
<!-- Generated by org.testng.reporters.JUnitReportReporter -->
<testsuite hostname="ITINCNH-DW0017" failures="0" tests="1" name="com.hcl.ikea.testCases.TC_CSCUser_CancelRequest" time="28.861" errors="0" timestamp="2022-02-28T06:45:40 PST" skipped="0">
  <testcase classname="com.hcl.ikea.testCases.TC_CSCUser_CancelRequest" name="cancelRequest" time="28.861"/>
  <system-out/>
</testsuite> <!-- com.hcl.ikea.testCases.TC_CSCUser_CancelRequest -->
