<?xml version="1.0" encoding="UTF-8"?>
<!-- Generated by org.testng.reporters.JUnitReportReporter -->
<testsuite hostname="ITINNOH-DW0268" failures="0" tests="1" name="com.hcl.ikea.testCases.TC_Administration_SearchFunctionality_AddingNewStore_56" time="34.567" errors="0" timestamp="2022-06-02T05:40:28 PDT" skipped="0">
  <testcase classname="com.hcl.ikea.testCases.TC_Administration_SearchFunctionality_AddingNewStore_56" name="createUser" time="34.567"/>
  <system-out/>
</testsuite> <!-- com.hcl.ikea.testCases.TC_Administration_SearchFunctionality_AddingNewStore_56 -->
