<?xml version="1.0" encoding="UTF-8"?>
<!-- Generated by org.testng.reporters.JUnitReportReporter -->
<testsuite hostname="ITINNOH-DW0268" failures="0" tests="1" name="com.hcl.ikea.testCases.TC_CureUser_PartialExchangeDummyComp_05" time="36.526" errors="0" timestamp="2022-05-10T02:21:09 PDT" skipped="0">
  <testcase classname="com.hcl.ikea.testCases.TC_CureUser_PartialExchangeDummyComp_05" name="partialExchangeDummyRequest" time="36.526"/>
  <system-out/>
</testsuite> <!-- com.hcl.ikea.testCases.TC_CureUser_PartialExchangeDummyComp_05 -->
