<?xml version="1.0" encoding="UTF-8"?>
<!-- Generated by org.testng.reporters.JUnitReportReporter -->
<testsuite hostname="ITINNOH-DW0268" failures="0" tests="1" name="com.hcl.ikea.testCases.TC_Administration_EditFunctionality_StoreManagement_57" time="65.726" errors="0" timestamp="2022-06-03T03:00:33 PDT" skipped="0">
  <testcase classname="com.hcl.ikea.testCases.TC_Administration_EditFunctionality_StoreManagement_57" name="createUser" time="65.726"/>
  <system-out/>
</testsuite> <!-- com.hcl.ikea.testCases.TC_Administration_EditFunctionality_StoreManagement_57 -->
