<?xml version="1.0" encoding="UTF-8"?>
<!-- Generated by org.testng.reporters.JUnitReportReporter -->
<testsuite hostname="ITINNOH-DW0268" failures="0" tests="1" name="com.hcl.ikea.testCases.TC_Administration_AddingNewStore_55" time="56.184" errors="0" timestamp="2022-06-02T04:41:04 PDT" skipped="0">
  <testcase classname="com.hcl.ikea.testCases.TC_Administration_AddingNewStore_55" name="addingNewStore" time="56.184"/>
  <system-out/>
</testsuite> <!-- com.hcl.ikea.testCases.TC_Administration_AddingNewStore_55 -->
