<?xml version="1.0" encoding="UTF-8"?>
<!-- Generated by org.testng.reporters.JUnitReportReporter -->
<testsuite hostname="ITINNOH-DW0268" failures="0" tests="1" name="com.hcl.ikea.testCases.TC_Sparta_276_RecoveryAdminUser_PhaseInPhaseOutClick_087" time="31.412" errors="0" timestamp="2022-06-01T09:13:05 PDT" skipped="0">
  <testcase classname="com.hcl.ikea.testCases.TC_Sparta_276_RecoveryAdminUser_PhaseInPhaseOutClick_087" name="newLinkPiaFacts" time="31.412"/>
  <system-out/>
</testsuite> <!-- com.hcl.ikea.testCases.TC_Sparta_276_RecoveryAdminUser_PhaseInPhaseOutClick_087 -->
