<?xml version="1.0" encoding="UTF-8"?>
<!-- Generated by org.testng.reporters.JUnitReportReporter -->
<testsuite hostname="ITINCNH-DW0017" failures="0" tests="1" name="com.hcl.ikea.testCases.TC_RecoveryAdmin_ReplenishmentIssueReport" time="10.014" errors="0" timestamp="2022-03-07T09:10:59 PST" skipped="0">
  <testcase classname="com.hcl.ikea.testCases.TC_RecoveryAdmin_ReplenishmentIssueReport" name="issueReport" time="10.014"/>
  <system-out/>
</testsuite> <!-- com.hcl.ikea.testCases.TC_RecoveryAdmin_ReplenishmentIssueReport -->
