<?xml version="1.0" encoding="UTF-8"?>
<!-- Generated by org.testng.reporters.JUnitReportReporter -->
<testsuite hostname="ITINNOH-DW0268" failures="0" tests="1" name="com.hcl.ikea.testCases.TC_CureUser_Preview_Request_09" time="39.734" errors="0" timestamp="2022-05-10T23:14:39 PDT" skipped="0">
  <testcase classname="com.hcl.ikea.testCases.TC_CureUser_Preview_Request_09" name="previewRequest" time="39.734"/>
  <system-out/>
</testsuite> <!-- com.hcl.ikea.testCases.TC_CureUser_Preview_Request_09 -->
