<?xml version="1.0" encoding="UTF-8"?>
<!-- Generated by org.testng.reporters.JUnitReportReporter -->
<testsuite hostname="ITINNOH-DW0268" failures="0" tests="1" name="com.hcl.ikea.testCases.TC_ValidateRangeUploadPhaseInPhaseOutUploadedDateIssue_80" time="21.105" errors="0" timestamp="2022-06-01T09:02:23 PDT" skipped="0">
  <testcase classname="com.hcl.ikea.testCases.TC_ValidateRangeUploadPhaseInPhaseOutUploadedDateIssue_80" name="validatephaseInOutDateIssue" time="21.105"/>
  <system-out/>
</testsuite> <!-- com.hcl.ikea.testCases.TC_ValidateRangeUploadPhaseInPhaseOutUploadedDateIssue_80 -->
