<?xml version="1.0" encoding="UTF-8"?>
<!-- Generated by org.testng.reporters.JUnitReportReporter -->
<testsuite hostname="ITINNOH-DW0268" failures="0" tests="1" name="com.hcl.ikea.testCases.TC_CSCUser_ICompRequest_012" time="29.990" errors="0" timestamp="2022-05-26T06:19:14 PDT" skipped="0">
  <testcase classname="com.hcl.ikea.testCases.TC_CSCUser_ICompRequest_012" name="cscICompRequest" time="29.990"/>
  <system-out/>
</testsuite> <!-- com.hcl.ikea.testCases.TC_CSCUser_ICompRequest_012 -->
