<?xml version="1.0" encoding="UTF-8"?>
<!-- Generated by org.testng.reporters.JUnitReportReporter -->
<testsuite hostname="ITINNOH-DW0268" failures="0" tests="1" name="com.hcl.ikea.testCases.TC_CSCUser_IssueReport_011" time="45.436" errors="0" timestamp="2022-05-26T06:18:19 PDT" skipped="0">
  <testcase classname="com.hcl.ikea.testCases.TC_CSCUser_IssueReport_011" name="cscIssueReport" time="45.436"/>
  <system-out/>
</testsuite> <!-- com.hcl.ikea.testCases.TC_CSCUser_IssueReport_011 -->
