<?xml version="1.0" encoding="UTF-8"?>
<!-- Generated by org.testng.reporters.JUnitReportReporter -->
<testsuite hostname="ITINNOH-DW0268" failures="0" tests="1" name="com.hcl.ikea.testCases.TC_CSCUser_CancelRequest_15" time="71.797" errors="0" timestamp="2022-05-26T06:24:48 PDT" skipped="0">
  <testcase classname="com.hcl.ikea.testCases.TC_CSCUser_CancelRequest_15" name="cancelRequest" time="71.797"/>
  <system-out/>
</testsuite> <!-- com.hcl.ikea.testCases.TC_CSCUser_CancelRequest_15 -->
