<?xml version="1.0" encoding="UTF-8"?>
<!-- Generated by org.testng.reporters.JUnitReportReporter -->
<testsuite hostname="ITINNOH-DW0268" failures="0" tests="1" name="com.hcl.ikea.testCases.TC_CommonReport_71" time="37.216" errors="0" timestamp="2022-06-01T08:31:47 PDT" skipped="0">
  <testcase classname="com.hcl.ikea.testCases.TC_CommonReport_71" name="UpdateStockInStockCheckInLocation" time="37.216"/>
  <system-out/>
</testsuite> <!-- com.hcl.ikea.testCases.TC_CommonReport_71 -->
