<?xml version="1.0" encoding="UTF-8"?>
<!-- Generated by org.testng.reporters.JUnitReportReporter -->
<testsuite hostname="ITINNOH-DW0268" failures="0" tests="1" name="com.hcl.ikea.testCases.TC_ValidateOptionIsEnableToTypeInTheQuantity_85" time="45.921" errors="0" timestamp="2022-06-01T09:09:39 PDT" skipped="0">
  <testcase classname="com.hcl.ikea.testCases.TC_ValidateOptionIsEnableToTypeInTheQuantity_85" name="upStockForNon0Stock" time="45.921"/>
  <system-out/>
</testsuite> <!-- com.hcl.ikea.testCases.TC_ValidateOptionIsEnableToTypeInTheQuantity_85 -->
