<?xml version="1.0" encoding="UTF-8"?>
<!-- Generated by org.testng.reporters.JUnitReportReporter -->
<testsuite hostname="ITINCNH-DW0017" failures="0" tests="1" name="com.hcl.ikea.testCases.TC_CureUser_CancelRequest" time="29.741" errors="0" timestamp="2022-03-03T03:28:20 PST" skipped="0">
  <testcase classname="com.hcl.ikea.testCases.TC_CureUser_CancelRequest" name="cancelRequest" time="29.741"/>
  <system-out/>
</testsuite> <!-- com.hcl.ikea.testCases.TC_CureUser_CancelRequest -->
