<?xml version="1.0" encoding="UTF-8"?>
<!-- Generated by org.testng.reporters.JUnitReportReporter -->
<testsuite hostname="ITINCNH-DW0017" failures="0" tests="1" name="com.hcl.ikea.testCases.TC_RecoveryAdminRequest_005" time="27.133" errors="0" timestamp="2022-02-27T22:35:00 PST" skipped="0">
  <testcase classname="com.hcl.ikea.testCases.TC_RecoveryAdminRequest_005" name="acceptRequest" time="27.133"/>
  <system-out/>
</testsuite> <!-- com.hcl.ikea.testCases.TC_RecoveryAdminRequest_005 -->
