<?xml version="1.0" encoding="UTF-8"?>
<!-- Generated by org.testng.reporters.JUnitReportReporter -->
<testsuite hostname="ITINNOH-DW0268" failures="0" tests="1" name="com.hcl.ikea.testCases.TC_RecoveryAdminOrUserVerifyPrintHeader_84" time="30.215" errors="0" timestamp="2022-06-01T09:06:45 PDT" skipped="0">
  <testcase classname="com.hcl.ikea.testCases.TC_RecoveryAdminOrUserVerifyPrintHeader_84" name="validateAddLabel" time="30.215"/>
  <system-out/>
</testsuite> <!-- com.hcl.ikea.testCases.TC_RecoveryAdminOrUserVerifyPrintHeader_84 -->
