<?xml version="1.0" encoding="UTF-8"?>
<!-- Generated by org.testng.reporters.JUnitReportReporter -->
<testsuite hostname="ITINNOH-DW0268" failures="0" tests="1" name="com.hcl.ikea.testCases.TC_Sparta_263_CureUser_NewLinkPiaFacts_086" time="66.691" errors="0" timestamp="2022-06-01T09:11:26 PDT" skipped="0">
  <testcase classname="com.hcl.ikea.testCases.TC_Sparta_263_CureUser_NewLinkPiaFacts_086" name="newLinkPiaFacts" time="66.691"/>
  <system-out/>
</testsuite> <!-- com.hcl.ikea.testCases.TC_Sparta_263_CureUser_NewLinkPiaFacts_086 -->
