<?xml version="1.0" encoding="UTF-8"?>
<!-- Generated by org.testng.reporters.JUnitReportReporter -->
<testsuite hostname="ITINNOH-DW0268" failures="0" tests="1" name="com.hcl.ikea.testCases.TC_CureUser_HideRemoveForSale_77" time="37.576" errors="0" timestamp="2022-06-01T09:01:25 PDT" skipped="0">
  <testcase classname="com.hcl.ikea.testCases.TC_CureUser_HideRemoveForSale_77" name="validateAddLabel" time="37.576"/>
  <system-out/>
</testsuite> <!-- com.hcl.ikea.testCases.TC_CureUser_HideRemoveForSale_77 -->
