<?xml version="1.0" encoding="UTF-8"?>
<!-- Generated by org.testng.reporters.JUnitReportReporter -->
<testsuite hostname="ITINNOH-DW0268" failures="0" tests="1" name="com.hcl.ikea.testCases.TC_RecoveryAdmin_ReplenishmentLinkComp_048" time="35.360" errors="0" timestamp="2022-06-01T06:34:55 PDT" skipped="0">
  <testcase classname="com.hcl.ikea.testCases.TC_RecoveryAdmin_ReplenishmentLinkComp_048" name="linkComponent" time="35.360"/>
  <system-out/>
</testsuite> <!-- com.hcl.ikea.testCases.TC_RecoveryAdmin_ReplenishmentLinkComp_048 -->
