<?xml version="1.0" encoding="UTF-8"?>
<!-- Generated by org.testng.reporters.JUnitReportReporter -->
<testsuite hostname="ITINCNH-DW0017" failures="0" tests="1" name="com.hcl.ikea.testCases.TC_CureUser_Preview" time="19.826" errors="0" timestamp="2022-03-03T04:07:46 PST" skipped="0">
  <testcase classname="com.hcl.ikea.testCases.TC_CureUser_Preview" name="previewRequest" time="19.826"/>
  <system-out/>
</testsuite> <!-- com.hcl.ikea.testCases.TC_CureUser_Preview -->
