<?xml version="1.0" encoding="UTF-8"?>
<!-- Generated by org.testng.reporters.JUnitReportReporter -->
<testsuite hostname="ITINNOH-DW0268" failures="0" tests="1" name="com.hcl.ikea.testCases.TC_ValidateRemoveStockLocationButtonIsVisible_74" time="34.053" errors="0" timestamp="2022-06-01T08:56:30 PDT" skipped="0">
  <testcase classname="com.hcl.ikea.testCases.TC_ValidateRemoveStockLocationButtonIsVisible_74" name="validateAddLabel" time="34.053"/>
  <system-out/>
</testsuite> <!-- com.hcl.ikea.testCases.TC_ValidateRemoveStockLocationButtonIsVisible_74 -->
