<?xml version="1.0" encoding="UTF-8"?>
<!-- Generated by org.testng.reporters.JUnitReportReporter -->
<testsuite hostname="ITINCNH-DW0017" failures="0" tests="1" name="com.hcl.ikea.testCases.TC_CSCUser_HandOutRequest_015" time="30.727" errors="0" timestamp="2022-03-07T09:10:59 PST" skipped="0">
  <testcase classname="com.hcl.ikea.testCases.TC_CSCUser_HandOutRequest_015" name="cscUserhandOut" time="30.727"/>
  <system-out/>
</testsuite> <!-- com.hcl.ikea.testCases.TC_CSCUser_HandOutRequest_015 -->
