<?xml version="1.0" encoding="UTF-8"?>
<!-- Generated by org.testng.reporters.JUnitReportReporter -->
<testsuite hostname="ITINNOH-DW0268" failures="0" tests="1" name="com.hcl.ikea.testCases.TC_CureUser_HandOutRequest_01" time="37.237" errors="0" timestamp="2022-05-10T01:43:17 PDT" skipped="0">
  <testcase classname="com.hcl.ikea.testCases.TC_CureUser_HandOutRequest_01" name="handOut" time="37.237"/>
  <system-out/>
</testsuite> <!-- com.hcl.ikea.testCases.TC_CureUser_HandOutRequest_01 -->
