<?xml version="1.0" encoding="UTF-8"?>
<!-- Generated by org.testng.reporters.JUnitReportReporter -->
<testsuite hostname="ITINNOH-DW0268" failures="0" tests="1" name="com.hcl.ikea.testCases.TC_Administration_CreateUser_53" time="68.452" errors="0" timestamp="2022-06-02T01:28:31 PDT" skipped="0">
  <testcase classname="com.hcl.ikea.testCases.TC_Administration_CreateUser_53" name="adminCreateUser" time="68.452"/>
  <system-out/>
</testsuite> <!-- com.hcl.ikea.testCases.TC_Administration_CreateUser_53 -->
