<?xml version="1.0" encoding="UTF-8"?>
<!-- Generated by org.testng.reporters.JUnitReportReporter -->
<testsuite hostname="ITINNOH-DW0268" failures="0" tests="1" name="com.hcl.ikea.testCases.TC_RecoveryAdmin_ReplenishmentMergeComp_49" time="18.412" errors="0" timestamp="2022-06-01T06:38:02 PDT" skipped="0">
  <testcase classname="com.hcl.ikea.testCases.TC_RecoveryAdmin_ReplenishmentMergeComp_49" name="mergeComponent" time="18.412"/>
  <system-out/>
</testsuite> <!-- com.hcl.ikea.testCases.TC_RecoveryAdmin_ReplenishmentMergeComp_49 -->
