<?xml version="1.0" encoding="UTF-8"?>
<!-- Generated by org.testng.reporters.JUnitReportReporter -->
<testsuite hostname="ITINCNH-DW0017" failures="0" tests="1" name="com.hcl.ikea.testCases.TC_RecoveryAdmin_ReplenishmentUpStockForNon0Stock" time="13.682" errors="0" timestamp="2022-03-07T09:10:59 PST" skipped="0">
  <testcase classname="com.hcl.ikea.testCases.TC_RecoveryAdmin_ReplenishmentUpStockForNon0Stock" name="upStockForNon0Stock" time="13.682"/>
  <system-out/>
</testsuite> <!-- com.hcl.ikea.testCases.TC_RecoveryAdmin_ReplenishmentUpStockForNon0Stock -->
