<?xml version="1.0" encoding="UTF-8"?>
<!-- Generated by org.testng.reporters.JUnitReportReporter -->
<testsuite hostname="ITINCNH-DW0017" failures="0" tests="2" name="com.hcl.ikea.testCases.TC_Recovery_Manager_DeleteFunctionality_62" time="93.943" errors="0" timestamp="2022-03-20T13:44:52 PDT" skipped="0">
  <testcase classname="com.hcl.ikea.testCases.TC_Recovery_Manager_DeleteFunctionality_62" name="deleteUser" time="38.557"/>
  <system-out/>
  <testcase classname="com.hcl.ikea.testCases.TC_Recovery_Manager_DeleteFunctionality_62" name="createUser" time="55.386"/>
  <system-out/>
</testsuite> <!-- com.hcl.ikea.testCases.TC_Recovery_Manager_DeleteFunctionality_62 -->
