<?xml version="1.0" encoding="UTF-8"?>
<!-- Generated by org.testng.reporters.JUnitReportReporter -->
<testsuite hostname="ITINNOH-DW0268" failures="0" tests="1" name="com.hcl.ikea.testCases.TC_RecoveryUser_Preview_Request_22" time="40.399" errors="0" timestamp="2022-05-27T01:27:35 PDT" skipped="0">
  <testcase classname="com.hcl.ikea.testCases.TC_RecoveryUser_Preview_Request_22" name="previewRequest" time="40.399"/>
  <system-out/>
</testsuite> <!-- com.hcl.ikea.testCases.TC_RecoveryUser_Preview_Request_22 -->
