<?xml version="1.0" encoding="UTF-8"?>
<!-- Generated by org.testng.reporters.JUnitReportReporter -->
<testsuite hostname="ITINCNH-DW0017" failures="0" tests="1" name="com.hcl.ikea.testCases.TC_RecoveryAdmin_ReplenishmentUpStockForNon0StockWithLocation_37_02" time="46.634" errors="0" timestamp="2022-04-07T04:19:45 PDT" skipped="0">
  <testcase classname="com.hcl.ikea.testCases.TC_RecoveryAdmin_ReplenishmentUpStockForNon0StockWithLocation_37_02" name="upStockForNon0Stock" time="46.634"/>
  <system-out/>
</testsuite> <!-- com.hcl.ikea.testCases.TC_RecoveryAdmin_ReplenishmentUpStockForNon0StockWithLocation_37_02 -->
