<?xml version="1.0" encoding="UTF-8"?>
<!-- Generated by org.testng.reporters.JUnitReportReporter -->
<testsuite hostname="ITINCNH-DW0017" failures="0" tests="1" name="com.hcl.ikea.testCases.TC_RecoveryAdmin_MovePartFromLocation_69" time="29.547" errors="0" timestamp="2022-04-01T01:16:07 PDT" skipped="0">
  <testcase classname="com.hcl.ikea.testCases.TC_RecoveryAdmin_MovePartFromLocation_69" name="movePartFromLocation" time="29.547"/>
  <system-out/>
</testsuite> <!-- com.hcl.ikea.testCases.TC_RecoveryAdmin_MovePartFromLocation_69 -->
