<?xml version="1.0" encoding="UTF-8"?>
<!-- Generated by org.testng.reporters.JUnitReportReporter -->
<testsuite hostname="ITINNOH-DW0268" failures="0" tests="1" name="com.hcl.ikea.testCases.TC_RecoveryAdmin_UpdateStockInStockCheckInLocation_70" time="37.514" errors="0" timestamp="2022-06-01T08:30:36 PDT" skipped="0">
  <testcase classname="com.hcl.ikea.testCases.TC_RecoveryAdmin_UpdateStockInStockCheckInLocation_70" name="UpdateStockInStockCheckInLocation" time="37.514"/>
  <system-out/>
</testsuite> <!-- com.hcl.ikea.testCases.TC_RecoveryAdmin_UpdateStockInStockCheckInLocation_70 -->
